<?xml version="1.0" encoding="utf-8"?><testsuites name="pytest tests"><testsuite name="pytest" errors="0" failures="0" skipped="0" tests="10" time="0.025" timestamp="2026-05-22T02:07:35.864895+03:00" hostname="server"><testcase classname="tests.unit.test_coloring" name="test_01_empty_graph_uses_one_color" file="tests\unit\test_coloring.py" line="17" time="0.001"><system-out>--------------------------------- Captured Log ---------------------------------

--------------------------------- Captured Out ---------------------------------

</system-out><system-err>--------------------------------- Captured Err ---------------------------------

</system-err></testcase><testcase classname="tests.unit.test_coloring" name="test_02_path_graph_uses_two_colors" file="tests\unit\test_coloring.py" line="28" time="0.000"><system-out>--------------------------------- Captured Log ---------------------------------

--------------------------------- Captured Out ---------------------------------

</system-out><system-err>--------------------------------- Captured Err ---------------------------------

</system-err></testcase><testcase classname="tests.unit.test_coloring" name="test_03_triangle_graph_uses_three_colors" file="tests\unit\test_coloring.py" line="38" time="0.000"><system-out>--------------------------------- Captured Log ---------------------------------

--------------------------------- Captured Out ---------------------------------

</system-out><system-err>--------------------------------- Captured Err ---------------------------------

</system-err></testcase><testcase classname="tests.unit.test_coloring" name="test_04_square_cycle_uses_two_colors" file="tests\unit\test_coloring.py" line="47" time="0.000"><system-out>--------------------------------- Captured Log ---------------------------------

--------------------------------- Captured Out ---------------------------------

</system-out><system-err>--------------------------------- Captured Err ---------------------------------

</system-err></testcase><testcase classname="tests.unit.test_coloring" name="test_05_odd_cycle_uses_three_colors" file="tests\unit\test_coloring.py" line="57" time="0.000"><system-out>--------------------------------- Captured Log ---------------------------------

--------------------------------- Captured Out ---------------------------------

</system-out><system-err>--------------------------------- Captured Err ---------------------------------

</system-err></testcase><testcase classname="tests.unit.test_coloring" name="test_06_star_graph_uses_two_colors" file="tests\unit\test_coloring.py" line="68" time="0.000"><system-out>--------------------------------- Captured Log ---------------------------------

--------------------------------- Captured Out ---------------------------------

</system-out><system-err>--------------------------------- Captured Err ---------------------------------

</system-err></testcase><testcase classname="tests.unit.test_coloring" name="test_07_complete_graph_k4_uses_four_colors" file="tests\unit\test_coloring.py" line="81" time="0.000"><system-out>--------------------------------- Captured Log ---------------------------------

--------------------------------- Captured Out ---------------------------------

</system-out><system-err>--------------------------------- Captured Err ---------------------------------

</system-err></testcase><testcase classname="tests.unit.test_coloring" name="test_08_disconnected_triangle_and_edge_uses_three_colors" file="tests\unit\test_coloring.py" line="91" time="0.000"><system-out>--------------------------------- Captured Log ---------------------------------

--------------------------------- Captured Out ---------------------------------

</system-out><system-err>--------------------------------- Captured Err ---------------------------------

</system-err></testcase><testcase classname="tests.unit.test_coloring" name="test_09_matrix_with_loop_is_rejected" file="tests\unit\test_coloring.py" line="102" time="0.000"><system-out>--------------------------------- Captured Log ---------------------------------

--------------------------------- Captured Out ---------------------------------

</system-out><system-err>--------------------------------- Captured Err ---------------------------------

</system-err></testcase><testcase classname="tests.unit.test_coloring" name="test_10_asymmetric_matrix_is_rejected" file="tests\unit\test_coloring.py" line="111" time="0.000"><system-out>--------------------------------- Captured Log ---------------------------------

--------------------------------- Captured Out ---------------------------------

</system-out><system-err>--------------------------------- Captured Err ---------------------------------

</system-err></testcase></testsuite></testsuites>